********************************************************************************
*                       Thursday, 08 June 2017 15:26:58                        *
********************************************************************************
CSharpCompilerWrapper.exe version: 2.0.0.0
Platform: Mac
Target assembly: Assembly-CSharp-firstpass.dll
Project directory: /Users/mfrenette/Dev/Silphid/Silphid.Unity/UnityProject
Unity 'Data' or 'Frameworks' directory: /Applications/Unity-5.5.2f1/Unity-5.5.2f1.app/Contents
Compiler: Microsoft C# 6.0

- Compilation -----------------------------------------------

Process: /Library/Frameworks/Mono.framework/Commands/mono
Arguments: "/Users/mfrenette/Dev/Silphid/Silphid.Unity/UnityProject/CSharp60Support/Roslyn/csc.exe" -nostdlib+ -noconfig -nologo -r:"/Applications/Unity-5.5.2f1/Unity-5.5.2f1.app/Contents/Mono/lib/mono/2.0/mscorlib.dll" -r:"/Applications/Unity-5.5.2f1/Unity-5.5.2f1.app/Contents/Mono/lib/mono/2.0/System.dll" -r:"/Applications/Unity-5.5.2f1/Unity-5.5.2f1.app/Contents/Mono/lib/mono/2.0/System.Core.dll" -r:"/Applications/Unity-5.5.2f1/Unity-5.5.2f1.app/Contents/Mono/lib/mono/2.0/System.Xml.dll" @Temp/UnityTempFile-a84758e0d1cbc4a3b98c4ec22e3259fd -debug-
Exit code: 0
Elapsed time: 1.27 sec

- Compiler output (0 lines):

- Compiler errors (0 lines):

PDB to MDB conversion skipped
********************************************************************************
*                       Thursday, 08 June 2017 15:26:59                        *
********************************************************************************
CSharpCompilerWrapper.exe version: 2.0.0.0
Platform: Mac
Target assembly: Assembly-CSharp.dll
Project directory: /Users/mfrenette/Dev/Silphid/Silphid.Unity/UnityProject
Unity 'Data' or 'Frameworks' directory: /Applications/Unity-5.5.2f1/Unity-5.5.2f1.app/Contents
Compiler: Microsoft C# 6.0

- Compilation -----------------------------------------------

Process: /Library/Frameworks/Mono.framework/Commands/mono
Arguments: "/Users/mfrenette/Dev/Silphid/Silphid.Unity/UnityProject/CSharp60Support/Roslyn/csc.exe" -nostdlib+ -noconfig -nologo -r:"/Applications/Unity-5.5.2f1/Unity-5.5.2f1.app/Contents/Mono/lib/mono/2.0/mscorlib.dll" -r:"/Applications/Unity-5.5.2f1/Unity-5.5.2f1.app/Contents/Mono/lib/mono/2.0/System.dll" -r:"/Applications/Unity-5.5.2f1/Unity-5.5.2f1.app/Contents/Mono/lib/mono/2.0/System.Core.dll" -r:"/Applications/Unity-5.5.2f1/Unity-5.5.2f1.app/Contents/Mono/lib/mono/2.0/System.Xml.dll" @Temp/UnityTempFile-9dd29fbe4cd95468b80afe3af5a867d2 -debug-
Exit code: 0
Elapsed time: 2.20 sec

- Compiler output (0 lines):

- Compiler errors (0 lines):

PDB to MDB conversion skipped
********************************************************************************
*                       Thursday, 08 June 2017 15:27:02                        *
********************************************************************************
CSharpCompilerWrapper.exe version: 2.0.0.0
Platform: Mac
Target assembly: Assembly-CSharp-Editor.dll
Project directory: /Users/mfrenette/Dev/Silphid/Silphid.Unity/UnityProject
Unity 'Data' or 'Frameworks' directory: /Applications/Unity-5.5.2f1/Unity-5.5.2f1.app/Contents
Compiler: Microsoft C# 6.0

- Compilation -----------------------------------------------

Process: /Library/Frameworks/Mono.framework/Commands/mono
Arguments: "/Users/mfrenette/Dev/Silphid/Silphid.Unity/UnityProject/CSharp60Support/Roslyn/csc.exe" -nostdlib+ -noconfig -nologo -r:"/Applications/Unity-5.5.2f1/Unity-5.5.2f1.app/Contents/Mono/lib/mono/2.0/mscorlib.dll" -r:"/Applications/Unity-5.5.2f1/Unity-5.5.2f1.app/Contents/Mono/lib/mono/2.0/System.dll" -r:"/Applications/Unity-5.5.2f1/Unity-5.5.2f1.app/Contents/Mono/lib/mono/2.0/System.Core.dll" -r:"/Applications/Unity-5.5.2f1/Unity-5.5.2f1.app/Contents/Mono/lib/mono/2.0/System.Xml.dll" @Temp/UnityTempFile-0ec71ba3a7f8a4748afdefb70ca8f3e6 -debug-
Exit code: 0
Elapsed time: 1.71 sec

- Compiler output (0 lines):

- Compiler errors (0 lines):

PDB to MDB conversion skipped
********************************************************************************
*                       Thursday, 08 June 2017 15:27:06                        *
********************************************************************************
CSharpCompilerWrapper.exe version: 2.0.0.0
Platform: Mac
Target assembly: Assembly-CSharp.dll
Project directory: /Users/mfrenette/Dev/Silphid/Silphid.Unity/UnityProject
Unity 'Data' or 'Frameworks' directory: /Applications/Unity-5.5.2f1/Unity-5.5.2f1.app/Contents
Compiler: Microsoft C# 6.0

- Compilation -----------------------------------------------

Process: /Library/Frameworks/Mono.framework/Commands/mono
Arguments: "/Users/mfrenette/Dev/Silphid/Silphid.Unity/UnityProject/CSharp60Support/Roslyn/csc.exe" -nostdlib+ -noconfig -nologo -r:"/Applications/Unity-5.5.2f1/Unity-5.5.2f1.app/Contents/Mono/lib/mono/2.0/mscorlib.dll" -r:"/Applications/Unity-5.5.2f1/Unity-5.5.2f1.app/Contents/Mono/lib/mono/2.0/System.dll" -r:"/Applications/Unity-5.5.2f1/Unity-5.5.2f1.app/Contents/Mono/lib/mono/2.0/System.Core.dll" -r:"/Applications/Unity-5.5.2f1/Unity-5.5.2f1.app/Contents/Mono/lib/mono/2.0/System.Xml.dll" @Temp/UnityTempFile-e3a7dac40ff9d43c8b57ead45f493c7d -debug-
Exit code: 0
Elapsed time: 2.20 sec

- Compiler output (0 lines):

- Compiler errors (0 lines):

PDB to MDB conversion skipped
********************************************************************************
*                       Thursday, 08 June 2017 15:27:09                        *
********************************************************************************
CSharpCompilerWrapper.exe version: 2.0.0.0
Platform: Mac
Target assembly: Assembly-CSharp-Editor.dll
Project directory: /Users/mfrenette/Dev/Silphid/Silphid.Unity/UnityProject
Unity 'Data' or 'Frameworks' directory: /Applications/Unity-5.5.2f1/Unity-5.5.2f1.app/Contents
Compiler: Microsoft C# 6.0

- Compilation -----------------------------------------------

Process: /Library/Frameworks/Mono.framework/Commands/mono
Arguments: "/Users/mfrenette/Dev/Silphid/Silphid.Unity/UnityProject/CSharp60Support/Roslyn/csc.exe" -nostdlib+ -noconfig -nologo -r:"/Applications/Unity-5.5.2f1/Unity-5.5.2f1.app/Contents/Mono/lib/mono/2.0/mscorlib.dll" -r:"/Applications/Unity-5.5.2f1/Unity-5.5.2f1.app/Contents/Mono/lib/mono/2.0/System.dll" -r:"/Applications/Unity-5.5.2f1/Unity-5.5.2f1.app/Contents/Mono/lib/mono/2.0/System.Core.dll" -r:"/Applications/Unity-5.5.2f1/Unity-5.5.2f1.app/Contents/Mono/lib/mono/2.0/System.Xml.dll" @Temp/UnityTempFile-c4a280a5baf06427aa660d8ac841a63b -debug-
Exit code: 0
Elapsed time: 2.19 sec

- Compiler output (0 lines):

- Compiler errors (0 lines):

PDB to MDB conversion skipped
********************************************************************************
*                       Thursday, 08 June 2017 15:32:01                        *
********************************************************************************
CSharpCompilerWrapper.exe version: 2.0.0.0
Platform: Mac
Target assembly: Assembly-CSharp-firstpass.dll
Project directory: /Users/mfrenette/Dev/Silphid/Silphid.Unity/UnityProject
Unity 'Data' or 'Frameworks' directory: /Applications/Unity-5.5.2f1/Unity-5.5.2f1.app/Contents
Compiler: Microsoft C# 6.0

- Compilation -----------------------------------------------

Process: /Library/Frameworks/Mono.framework/Commands/mono
Arguments: "/Users/mfrenette/Dev/Silphid/Silphid.Unity/UnityProject/CSharp60Support/Roslyn/csc.exe" -nostdlib+ -noconfig -nologo -r:"/Applications/Unity-5.5.2f1/Unity-5.5.2f1.app/Contents/Mono/lib/mono/2.0/mscorlib.dll" -r:"/Applications/Unity-5.5.2f1/Unity-5.5.2f1.app/Contents/Mono/lib/mono/2.0/System.dll" -r:"/Applications/Unity-5.5.2f1/Unity-5.5.2f1.app/Contents/Mono/lib/mono/2.0/System.Core.dll" -r:"/Applications/Unity-5.5.2f1/Unity-5.5.2f1.app/Contents/Mono/lib/mono/2.0/System.Xml.dll" @Temp/UnityTempFile-760825e201f514bf59764c7f5713b63e -debug-
Exit code: 0
Elapsed time: 1.28 sec

- Compiler output (0 lines):

- Compiler errors (0 lines):

PDB to MDB conversion skipped
********************************************************************************
*                       Thursday, 08 June 2017 15:32:03                        *
********************************************************************************
CSharpCompilerWrapper.exe version: 2.0.0.0
Platform: Mac
Target assembly: Assembly-CSharp.dll
Project directory: /Users/mfrenette/Dev/Silphid/Silphid.Unity/UnityProject
Unity 'Data' or 'Frameworks' directory: /Applications/Unity-5.5.2f1/Unity-5.5.2f1.app/Contents
Compiler: Microsoft C# 6.0

- Compilation -----------------------------------------------

Process: /Library/Frameworks/Mono.framework/Commands/mono
Arguments: "/Users/mfrenette/Dev/Silphid/Silphid.Unity/UnityProject/CSharp60Support/Roslyn/csc.exe" -nostdlib+ -noconfig -nologo -r:"/Applications/Unity-5.5.2f1/Unity-5.5.2f1.app/Contents/Mono/lib/mono/2.0/mscorlib.dll" -r:"/Applications/Unity-5.5.2f1/Unity-5.5.2f1.app/Contents/Mono/lib/mono/2.0/System.dll" -r:"/Applications/Unity-5.5.2f1/Unity-5.5.2f1.app/Contents/Mono/lib/mono/2.0/System.Core.dll" -r:"/Applications/Unity-5.5.2f1/Unity-5.5.2f1.app/Contents/Mono/lib/mono/2.0/System.Xml.dll" @Temp/UnityTempFile-80e6f7ac8a2cc465d993f754f374f31b -debug-
Exit code: 0
Elapsed time: 2.21 sec

- Compiler output (0 lines):

- Compiler errors (0 lines):

PDB to MDB conversion skipped
********************************************************************************
*                       Thursday, 08 June 2017 15:32:06                        *
********************************************************************************
CSharpCompilerWrapper.exe version: 2.0.0.0
Platform: Mac
Target assembly: Assembly-CSharp-Editor.dll
Project directory: /Users/mfrenette/Dev/Silphid/Silphid.Unity/UnityProject
Unity 'Data' or 'Frameworks' directory: /Applications/Unity-5.5.2f1/Unity-5.5.2f1.app/Contents
Compiler: Microsoft C# 6.0

- Compilation -----------------------------------------------

Process: /Library/Frameworks/Mono.framework/Commands/mono
Arguments: "/Users/mfrenette/Dev/Silphid/Silphid.Unity/UnityProject/CSharp60Support/Roslyn/csc.exe" -nostdlib+ -noconfig -nologo -r:"/Applications/Unity-5.5.2f1/Unity-5.5.2f1.app/Contents/Mono/lib/mono/2.0/mscorlib.dll" -r:"/Applications/Unity-5.5.2f1/Unity-5.5.2f1.app/Contents/Mono/lib/mono/2.0/System.dll" -r:"/Applications/Unity-5.5.2f1/Unity-5.5.2f1.app/Contents/Mono/lib/mono/2.0/System.Core.dll" -r:"/Applications/Unity-5.5.2f1/Unity-5.5.2f1.app/Contents/Mono/lib/mono/2.0/System.Xml.dll" @Temp/UnityTempFile-8cf5833e7ac964f7cb6cb98d61ea78ad -debug-
Exit code: 0
Elapsed time: 1.71 sec

- Compiler output (0 lines):

- Compiler errors (0 lines):

PDB to MDB conversion skipped
********************************************************************************
*                       Thursday, 08 June 2017 15:34:33                        *
********************************************************************************
CSharpCompilerWrapper.exe version: 2.0.0.0
Platform: Mac
Target assembly: Assembly-CSharp-firstpass.dll
Project directory: /Users/mfrenette/Dev/Silphid/Silphid.Unity/UnityProject
Unity 'Data' or 'Frameworks' directory: /Applications/Unity-5.5.2f1/Unity-5.5.2f1.app/Contents
Compiler: Microsoft C# 6.0

- Compilation -----------------------------------------------

Process: /Library/Frameworks/Mono.framework/Commands/mono
Arguments: "/Users/mfrenette/Dev/Silphid/Silphid.Unity/UnityProject/CSharp60Support/Roslyn/csc.exe" -nostdlib+ -noconfig -nologo -r:"/Applications/Unity-5.5.2f1/Unity-5.5.2f1.app/Contents/Mono/lib/mono/2.0/mscorlib.dll" -r:"/Applications/Unity-5.5.2f1/Unity-5.5.2f1.app/Contents/Mono/lib/mono/2.0/System.dll" -r:"/Applications/Unity-5.5.2f1/Unity-5.5.2f1.app/Contents/Mono/lib/mono/2.0/System.Core.dll" -r:"/Applications/Unity-5.5.2f1/Unity-5.5.2f1.app/Contents/Mono/lib/mono/2.0/System.Xml.dll" @Temp/UnityTempFile-7975a9e4d4201449c9bd0cd7e7c18e2f -debug-
Exit code: 0
Elapsed time: 1.22 sec

- Compiler output (0 lines):

- Compiler errors (0 lines):

PDB to MDB conversion skipped
********************************************************************************
*                       Thursday, 08 June 2017 15:34:35                        *
********************************************************************************
CSharpCompilerWrapper.exe version: 2.0.0.0
Platform: Mac
Target assembly: Assembly-CSharp.dll
Project directory: /Users/mfrenette/Dev/Silphid/Silphid.Unity/UnityProject
Unity 'Data' or 'Frameworks' directory: /Applications/Unity-5.5.2f1/Unity-5.5.2f1.app/Contents
Compiler: Microsoft C# 6.0

- Compilation -----------------------------------------------

Process: /Library/Frameworks/Mono.framework/Commands/mono
Arguments: "/Users/mfrenette/Dev/Silphid/Silphid.Unity/UnityProject/CSharp60Support/Roslyn/csc.exe" -nostdlib+ -noconfig -nologo -r:"/Applications/Unity-5.5.2f1/Unity-5.5.2f1.app/Contents/Mono/lib/mono/2.0/mscorlib.dll" -r:"/Applications/Unity-5.5.2f1/Unity-5.5.2f1.app/Contents/Mono/lib/mono/2.0/System.dll" -r:"/Applications/Unity-5.5.2f1/Unity-5.5.2f1.app/Contents/Mono/lib/mono/2.0/System.Core.dll" -r:"/Applications/Unity-5.5.2f1/Unity-5.5.2f1.app/Contents/Mono/lib/mono/2.0/System.Xml.dll" @Temp/UnityTempFile-3f304bbf3b1584cd49a28d7eea1527e4 -debug-
Exit code: 0
Elapsed time: 2.23 sec

- Compiler output (0 lines):

- Compiler errors (0 lines):

PDB to MDB conversion skipped
********************************************************************************
*                       Thursday, 08 June 2017 15:34:38                        *
********************************************************************************
CSharpCompilerWrapper.exe version: 2.0.0.0
Platform: Mac
Target assembly: Assembly-CSharp-Editor.dll
Project directory: /Users/mfrenette/Dev/Silphid/Silphid.Unity/UnityProject
Unity 'Data' or 'Frameworks' directory: /Applications/Unity-5.5.2f1/Unity-5.5.2f1.app/Contents
Compiler: Microsoft C# 6.0

- Compilation -----------------------------------------------

Process: /Library/Frameworks/Mono.framework/Commands/mono
Arguments: "/Users/mfrenette/Dev/Silphid/Silphid.Unity/UnityProject/CSharp60Support/Roslyn/csc.exe" -nostdlib+ -noconfig -nologo -r:"/Applications/Unity-5.5.2f1/Unity-5.5.2f1.app/Contents/Mono/lib/mono/2.0/mscorlib.dll" -r:"/Applications/Unity-5.5.2f1/Unity-5.5.2f1.app/Contents/Mono/lib/mono/2.0/System.dll" -r:"/Applications/Unity-5.5.2f1/Unity-5.5.2f1.app/Contents/Mono/lib/mono/2.0/System.Core.dll" -r:"/Applications/Unity-5.5.2f1/Unity-5.5.2f1.app/Contents/Mono/lib/mono/2.0/System.Xml.dll" @Temp/UnityTempFile-27d39ffb66a86463d83cea420765d9b4 -debug-
Exit code: 0
Elapsed time: 2.26 sec

- Compiler output (0 lines):

- Compiler errors (0 lines):

PDB to MDB conversion skipped
********************************************************************************
*                       Thursday, 08 June 2017 15:36:23                        *
********************************************************************************
CSharpCompilerWrapper.exe version: 2.0.0.0
Platform: Mac
Target assembly: Assembly-CSharp-firstpass.dll
Project directory: /Users/mfrenette/Dev/Silphid/Silphid.Unity/UnityProject
Unity 'Data' or 'Frameworks' directory: /Applications/Unity-5.5.2f1/Unity-5.5.2f1.app/Contents
Compiler: Microsoft C# 6.0

- Compilation -----------------------------------------------

Process: /Library/Frameworks/Mono.framework/Commands/mono
Arguments: "/Users/mfrenette/Dev/Silphid/Silphid.Unity/UnityProject/CSharp60Support/Roslyn/csc.exe" -nostdlib+ -noconfig -nologo -r:"/Applications/Unity-5.5.2f1/Unity-5.5.2f1.app/Contents/Mono/lib/mono/2.0/mscorlib.dll" -r:"/Applications/Unity-5.5.2f1/Unity-5.5.2f1.app/Contents/Mono/lib/mono/2.0/System.dll" -r:"/Applications/Unity-5.5.2f1/Unity-5.5.2f1.app/Contents/Mono/lib/mono/2.0/System.Core.dll" -r:"/Applications/Unity-5.5.2f1/Unity-5.5.2f1.app/Contents/Mono/lib/mono/2.0/System.Xml.dll" @Temp/UnityTempFile-6e422d54ab50044de94c88e5ace86cdd -debug-
Exit code: 0
Elapsed time: 1.27 sec

- Compiler output (0 lines):

- Compiler errors (0 lines):

PDB to MDB conversion skipped
********************************************************************************
*                       Thursday, 08 June 2017 15:36:25                        *
********************************************************************************
CSharpCompilerWrapper.exe version: 2.0.0.0
Platform: Mac
Target assembly: Assembly-CSharp.dll
Project directory: /Users/mfrenette/Dev/Silphid/Silphid.Unity/UnityProject
Unity 'Data' or 'Frameworks' directory: /Applications/Unity-5.5.2f1/Unity-5.5.2f1.app/Contents
Compiler: Microsoft C# 6.0

- Compilation -----------------------------------------------

Process: /Library/Frameworks/Mono.framework/Commands/mono
Arguments: "/Users/mfrenette/Dev/Silphid/Silphid.Unity/UnityProject/CSharp60Support/Roslyn/csc.exe" -nostdlib+ -noconfig -nologo -r:"/Applications/Unity-5.5.2f1/Unity-5.5.2f1.app/Contents/Mono/lib/mono/2.0/mscorlib.dll" -r:"/Applications/Unity-5.5.2f1/Unity-5.5.2f1.app/Contents/Mono/lib/mono/2.0/System.dll" -r:"/Applications/Unity-5.5.2f1/Unity-5.5.2f1.app/Contents/Mono/lib/mono/2.0/System.Core.dll" -r:"/Applications/Unity-5.5.2f1/Unity-5.5.2f1.app/Contents/Mono/lib/mono/2.0/System.Xml.dll" @Temp/UnityTempFile-a8d56c7425f104b20805fea448413010 -debug-
Exit code: 0
Elapsed time: 2.22 sec

- Compiler output (0 lines):

- Compiler errors (0 lines):

PDB to MDB conversion skipped
********************************************************************************
*                       Thursday, 08 June 2017 15:36:27                        *
********************************************************************************
CSharpCompilerWrapper.exe version: 2.0.0.0
Platform: Mac
Target assembly: Assembly-CSharp-Editor.dll
Project directory: /Users/mfrenette/Dev/Silphid/Silphid.Unity/UnityProject
Unity 'Data' or 'Frameworks' directory: /Applications/Unity-5.5.2f1/Unity-5.5.2f1.app/Contents
Compiler: Microsoft C# 6.0

- Compilation -----------------------------------------------

Process: /Library/Frameworks/Mono.framework/Commands/mono
Arguments: "/Users/mfrenette/Dev/Silphid/Silphid.Unity/UnityProject/CSharp60Support/Roslyn/csc.exe" -nostdlib+ -noconfig -nologo -r:"/Applications/Unity-5.5.2f1/Unity-5.5.2f1.app/Contents/Mono/lib/mono/2.0/mscorlib.dll" -r:"/Applications/Unity-5.5.2f1/Unity-5.5.2f1.app/Contents/Mono/lib/mono/2.0/System.dll" -r:"/Applications/Unity-5.5.2f1/Unity-5.5.2f1.app/Contents/Mono/lib/mono/2.0/System.Core.dll" -r:"/Applications/Unity-5.5.2f1/Unity-5.5.2f1.app/Contents/Mono/lib/mono/2.0/System.Xml.dll" @Temp/UnityTempFile-97fe53ee1cb0f4b9a94ab4fab28c4e7e -debug-
Exit code: 0
Elapsed time: 1.72 sec

- Compiler output (0 lines):

- Compiler errors (0 lines):

PDB to MDB conversion skipped
